\BOOKMARK [1][-]{section.1}{How to make a book}{}% 1
\BOOKMARK [2][-]{subsection.1.1}{Tips}{section.1}% 2
\BOOKMARK [2][-]{subsection.1.2}{why do i write this book, \173makes me find motivation\175}{section.1}% 3
\BOOKMARK [2][-]{subsection.1.3}{Is the book in the past, the present or in the future?}{section.1}% 4
\BOOKMARK [2][-]{subsection.1.4}{How did the world come to exist/ What past event have shaped it? i.e a timeline}{section.1}% 5
\BOOKMARK [2][-]{subsection.1.5}{How does your story ends. make a timeline}{section.1}% 6
\BOOKMARK [2][-]{subsection.1.6}{Answers to questions}{section.1}% 7
\BOOKMARK [2][-]{subsection.1.7}{Create a pool of characters}{section.1}% 8
\BOOKMARK [2][-]{subsection.1.8}{\205Name\205}{section.1}% 9
\BOOKMARK [2][-]{subsection.1.9}{Make a map over the town/the area}{section.1}% 10
\BOOKMARK [2][-]{subsection.1.10}{Set a character free in the world an see what happens in a normal day}{section.1}% 11
\BOOKMARK [1][-]{section.2}{Plot line}{}% 12
\BOOKMARK [2][-]{subsection.2.1}{Village raid}{section.2}% 13
\BOOKMARK [2][-]{subsection.2.2}{Leav the forest}{section.2}% 14
\BOOKMARK [2][-]{subsection.2.3}{Problem}{section.2}% 15
\BOOKMARK [1][-]{section.3}{The World}{}% 16
\BOOKMARK [1][-]{section.4}{Locations}{}% 17
\BOOKMARK [2][-]{subsection.4.1}{The forgotten forest}{section.4}% 18
\BOOKMARK [2][-]{subsection.4.2}{The shade}{section.4}% 19
\BOOKMARK [1][-]{section.5}{Animals}{}% 20
\BOOKMARK [2][-]{subsection.5.1}{Pygmy-Troll}{section.5}% 21
\BOOKMARK [2][-]{subsection.5.2}{Cyclops}{section.5}% 22
\BOOKMARK [2][-]{subsection.5.3}{Fagris}{section.5}% 23
\BOOKMARK [2][-]{subsection.5.4}{Magma worm}{section.5}% 24
\BOOKMARK [1][-]{section.6}{Plants}{}% 25
\BOOKMARK [2][-]{subsection.6.1}{Blob}{section.6}% 26
\BOOKMARK [2][-]{subsection.6.2}{Dust bush}{section.6}% 27
\BOOKMARK [2][-]{subsection.6.3}{Barda}{section.6}% 28
\BOOKMARK [1][-]{section.7}{Characters}{}% 29
\BOOKMARK [2][-]{subsection.7.1}{Viska}{section.7}% 30
\BOOKMARK [2][-]{subsection.7.2}{Melbi}{section.7}% 31
\BOOKMARK [1][-]{section.8}{else}{}% 32
\BOOKMARK [2][-]{subsection.8.1}{Gravitation}{section.8}% 33
\BOOKMARK [2][-]{subsection.8.2}{Magic}{section.8}% 34
\BOOKMARK [3][-]{subsubsection.8.2.1}{usefully applications}{subsection.8.2}% 35
\BOOKMARK [2][-]{subsection.8.3}{Four dimensions}{section.8}% 36
